<?xml version="1.0" encoding="UTF-8" ?>
<testsuite failures="3" time="0.016" errors="0" skipped="0" tests="54" name="net.fortuna.ical4j.vcard.property.BDayTest">
  <properties>
[...]
</properties>
  <testcase time="0" classname="net.fortuna.ical4j.vcard.property.BDayTest" name="testDateType[0]"/>
  <testcase time="0.001" classname="net.fortuna.ical4j.vcard.property.BDayTest" name="testGetValue[0]"/>
  <testcase time="0" classname="net.fortuna.ical4j.vcard.property.BDayTest" name="testToString[0]"/>
  <testcase time="0" classname="net.fortuna.ical4j.vcard.property.BDayTest" name="testEquals[0]"/>
  <testcase time="0" classname="net.fortuna.ical4j.vcard.property.BDayTest" name="testGetParametersId[0]"/>
  <testcase time="0" classname="net.fortuna.ical4j.vcard.property.BDayTest" name="testGetParameterId[0]"/>
  <testcase time="0" classname="net.fortuna.ical4j.vcard.property.BDayTest" name="testGetExtendedParametersId[0]"/>
  <testcase time="0" classname="net.fortuna.ical4j.vcard.property.BDayTest" name="testGetExtendedParameterId[0]"/>
  <testcase time="0" classname="net.fortuna.ical4j.vcard.property.BDayTest" name="testGetParameters[0]"/>
  <testcase time="0" classname="net.fortuna.ical4j.vcard.property.BDayTest" name="testDateType[1]"/>
  <testcase time="0" classname="net.fortuna.ical4j.vcard.property.BDayTest" name="testGetValue[1]"/>
  <testcase time="0.001" classname="net.fortuna.ical4j.vcard.property.BDayTest" name="testToString[1]"/>
  <testcase time="0" classname="net.fortuna.ical4j.vcard.property.BDayTest" name="testEquals[1]"/>
  <testcase time="0" classname="net.fortuna.ical4j.vcard.property.BDayTest" name="testGetParametersId[1]"/>
  <testcase time="0" classname="net.fortuna.ical4j.vcard.property.BDayTest" name="testGetParameterId[1]"/>
  <testcase time="0.001" classname="net.fortuna.ical4j.vcard.property.BDayTest" name="testGetExtendedParametersId[1]"/>
  <testcase time="0" classname="net.fortuna.ical4j.vcard.property.BDayTest" name="testGetExtendedParameterId[1]"/>
  <testcase time="0" classname="net.fortuna.ical4j.vcard.property.BDayTest" name="testGetParameters[1]"/>
  <testcase time="0" classname="net.fortuna.ical4j.vcard.property.BDayTest" name="testDateType[2]"/>
  <testcase time="0" classname="net.fortuna.ical4j.vcard.property.BDayTest" name="testGetValue[2]"/>
  <testcase time="0" classname="net.fortuna.ical4j.vcard.property.BDayTest" name="testToString[2]"/>
  <testcase time="0" classname="net.fortuna.ical4j.vcard.property.BDayTest" name="testEquals[2]"/>
  <testcase time="0" classname="net.fortuna.ical4j.vcard.property.BDayTest" name="testGetParametersId[2]"/>
  <testcase time="0" classname="net.fortuna.ical4j.vcard.property.BDayTest" name="testGetParameterId[2]"/>
  <testcase time="0" classname="net.fortuna.ical4j.vcard.property.BDayTest" name="testGetExtendedParametersId[2]"/>
  <testcase time="0" classname="net.fortuna.ical4j.vcard.property.BDayTest" name="testGetExtendedParameterId[2]"/>
  <testcase time="0" classname="net.fortuna.ical4j.vcard.property.BDayTest" name="testGetParameters[2]"/>
  <testcase time="0.007" classname="net.fortuna.ical4j.vcard.property.BDayTest" name="testDateType[3]">
    <failure type="java.lang.AssertionError">java.lang.AssertionError
	at org.junit.Assert.fail(Assert.java:92)
	at org.junit.Assert.assertTrue(Assert.java:43)
	at org.junit.Assert.assertTrue(Assert.java:54)
	at net.fortuna.ical4j.vcard.property.BDayTest.testDateType(BDayTest.java:73)
	at sun.reflect.NativeMethodAccessorImpl.invoke0(Native Method)
	at sun.reflect.NativeMethodAccessorImpl.invoke(NativeMethodAccessorImpl.java:57)
	at sun.reflect.DelegatingMethodAccessorImpl.invoke(DelegatingMethodAccessorImpl.java:43)
	at java.lang.reflect.Method.invoke(Method.java:601)
	at org.junit.runners.model.FrameworkMethod$1.runReflectiveCall(FrameworkMethod.java:45)
	at org.junit.internal.runners.model.ReflectiveCallable.run(ReflectiveCallable.java:15)
	at org.junit.runners.model.FrameworkMethod.invokeExplosively(FrameworkMethod.java:42)
	at org.junit.internal.runners.statements.InvokeMethod.evaluate(InvokeMethod.java:20)
	at org.junit.runners.ParentRunner.runLeaf(ParentRunner.java:263)
	at org.junit.runners.BlockJUnit4ClassRunner.runChild(BlockJUnit4ClassRunner.java:68)
	at org.junit.runners.BlockJUnit4ClassRunner.runChild(BlockJUnit4ClassRunner.java:47)
	at org.junit.runners.ParentRunner$3.run(ParentRunner.java:231)
	at org.junit.runners.ParentRunner$1.schedule(ParentRunner.java:60)
	at org.junit.runners.ParentRunner.runChildren(ParentRunner.java:229)
	at org.junit.runners.ParentRunner.access$000(ParentRunner.java:50)
	at org.junit.runners.ParentRunner$2.evaluate(ParentRunner.java:222)
	at org.junit.runners.ParentRunner.run(ParentRunner.java:300)
	at org.junit.runners.Suite.runChild(Suite.java:128)
	at org.junit.runners.Suite.runChild(Suite.java:24)
	at org.junit.runners.ParentRunner$3.run(ParentRunner.java:231)
	at org.junit.runners.ParentRunner$1.schedule(ParentRunner.java:60)
	at org.junit.runners.ParentRunner.runChildren(ParentRunner.java:229)
	at org.junit.runners.ParentRunner.access$000(ParentRunner.java:50)
	at org.junit.runners.ParentRunner$2.evaluate(ParentRunner.java:222)
	at org.junit.runners.ParentRunner.run(ParentRunner.java:300)
	at org.apache.maven.surefire.junit4.JUnit4Provider.execute(JUnit4Provider.java:236)
	at org.apache.maven.surefire.junit4.JUnit4Provider.executeTestSet(JUnit4Provider.java:134)
	at org.apache.maven.surefire.junit4.JUnit4Provider.invoke(JUnit4Provider.java:113)
	at sun.reflect.NativeMethodAccessorImpl.invoke0(Native Method)
	at sun.reflect.NativeMethodAccessorImpl.invoke(NativeMethodAccessorImpl.java:57)
	at sun.reflect.DelegatingMethodAccessorImpl.invoke(DelegatingMethodAccessorImpl.java:43)
	at java.lang.reflect.Method.invoke(Method.java:601)
	at org.apache.maven.surefire.util.ReflectionUtils.invokeMethodWithArray(ReflectionUtils.java:189)
	at org.apache.maven.surefire.booter.ProviderFactory$ProviderProxy.invoke(ProviderFactory.java:165)
	at org.apache.maven.surefire.booter.ProviderFactory.invokeProvider(ProviderFactory.java:85)
	at org.apache.maven.surefire.booter.ForkedBooter.runSuitesInProcess(ForkedBooter.java:103)
	at org.apache.maven.surefire.booter.ForkedBooter.main(ForkedBooter.java:74)
</failure>
  </testcase>
  <testcase time="0.002" classname="net.fortuna.ical4j.vcard.property.BDayTest" name="testGetValue[3]">
    <failure message="expected:&lt;15730125[T180323Z]&gt; but was:&lt;15730125[]&gt;" type="org.junit.ComparisonFailure">org.junit.ComparisonFailure: expected:&lt;15730125[T180323Z]&gt; but was:&lt;15730125[]&gt;
	at org.junit.Assert.assertEquals(Assert.java:125)
	at org.junit.Assert.assertEquals(Assert.java:147)
	at net.fortuna.ical4j.vcard.PropertyTest.testGetValue(PropertyTest.java:128)
	at sun.reflect.GeneratedMethodAccessor14.invoke(Unknown Source)
	at sun.reflect.DelegatingMethodAccessorImpl.invoke(DelegatingMethodAccessorImpl.java:43)
	at java.lang.reflect.Method.invoke(Method.java:601)
	at org.junit.runners.model.FrameworkMethod$1.runReflectiveCall(FrameworkMethod.java:45)
	at org.junit.internal.runners.model.ReflectiveCallable.run(ReflectiveCallable.java:15)
	at org.junit.runners.model.FrameworkMethod.invokeExplosively(FrameworkMethod.java:42)
	at org.junit.internal.runners.statements.InvokeMethod.evaluate(InvokeMethod.java:20)
	at org.junit.runners.ParentRunner.runLeaf(ParentRunner.java:263)
	at org.junit.runners.BlockJUnit4ClassRunner.runChild(BlockJUnit4ClassRunner.java:68)
	at org.junit.runners.BlockJUnit4ClassRunner.runChild(BlockJUnit4ClassRunner.java:47)
	at org.junit.runners.ParentRunner$3.run(ParentRunner.java:231)
	at org.junit.runners.ParentRunner$1.schedule(ParentRunner.java:60)
	at org.junit.runners.ParentRunner.runChildren(ParentRunner.java:229)
	at org.junit.runners.ParentRunner.access$000(ParentRunner.java:50)
	at org.junit.runners.ParentRunner$2.evaluate(ParentRunner.java:222)
	at org.junit.runners.ParentRunner.run(ParentRunner.java:300)
	at org.junit.runners.Suite.runChild(Suite.java:128)
	at org.junit.runners.Suite.runChild(Suite.java:24)
	at org.junit.runners.ParentRunner$3.run(ParentRunner.java:231)
	at org.junit.runners.ParentRunner$1.schedule(ParentRunner.java:60)
	at org.junit.runners.ParentRunner.runChildren(ParentRunner.java:229)
	at org.junit.runners.ParentRunner.access$000(ParentRunner.java:50)
	at org.junit.runners.ParentRunner$2.evaluate(ParentRunner.java:222)
	at org.junit.runners.ParentRunner.run(ParentRunner.java:300)
	at org.apache.maven.surefire.junit4.JUnit4Provider.execute(JUnit4Provider.java:236)
	at org.apache.maven.surefire.junit4.JUnit4Provider.executeTestSet(JUnit4Provider.java:134)
	at org.apache.maven.surefire.junit4.JUnit4Provider.invoke(JUnit4Provider.java:113)
	at sun.reflect.NativeMethodAccessorImpl.invoke0(Native Method)
	at sun.reflect.NativeMethodAccessorImpl.invoke(NativeMethodAccessorImpl.java:57)
	at sun.reflect.DelegatingMethodAccessorImpl.invoke(DelegatingMethodAccessorImpl.java:43)
	at java.lang.reflect.Method.invoke(Method.java:601)
	at org.apache.maven.surefire.util.ReflectionUtils.invokeMethodWithArray(ReflectionUtils.java:189)
	at org.apache.maven.surefire.booter.ProviderFactory$ProviderProxy.invoke(ProviderFactory.java:165)
	at org.apache.maven.surefire.booter.ProviderFactory.invokeProvider(ProviderFactory.java:85)
	at org.apache.maven.surefire.booter.ForkedBooter.runSuitesInProcess(ForkedBooter.java:103)
	at org.apache.maven.surefire.booter.ForkedBooter.main(ForkedBooter.java:74)
</failure>
  </testcase>
  <testcase time="0.003" classname="net.fortuna.ical4j.vcard.property.BDayTest" name="testToString[3]">
    <failure message="expected:&lt;BDAY:15730125[T180323Z]
&gt; but was:&lt;BDAY:15730125[]
&gt;" type="org.junit.ComparisonFailure">org.junit.ComparisonFailure: expected:&lt;BDAY:15730125[T180323Z]
&gt; but was:&lt;BDAY:15730125[]
&gt;
	at org.junit.Assert.assertEquals(Assert.java:125)
	at org.junit.Assert.assertEquals(Assert.java:147)
	at net.fortuna.ical4j.vcard.PropertyTest.testToString(PropertyTest.java:151)
	at sun.reflect.GeneratedMethodAccessor15.invoke(Unknown Source)
	at sun.reflect.DelegatingMethodAccessorImpl.invoke(DelegatingMethodAccessorImpl.java:43)
	at java.lang.reflect.Method.invoke(Method.java:601)
	at org.junit.runners.model.FrameworkMethod$1.runReflectiveCall(FrameworkMethod.java:45)
	at org.junit.internal.runners.model.ReflectiveCallable.run(ReflectiveCallable.java:15)
	at org.junit.runners.model.FrameworkMethod.invokeExplosively(FrameworkMethod.java:42)
	at org.junit.internal.runners.statements.InvokeMethod.evaluate(InvokeMethod.java:20)
	at org.junit.runners.ParentRunner.runLeaf(ParentRunner.java:263)
	at org.junit.runners.BlockJUnit4ClassRunner.runChild(BlockJUnit4ClassRunner.java:68)
	at org.junit.runners.BlockJUnit4ClassRunner.runChild(BlockJUnit4ClassRunner.java:47)
	at org.junit.runners.ParentRunner$3.run(ParentRunner.java:231)
	at org.junit.runners.ParentRunner$1.schedule(ParentRunner.java:60)
	at org.junit.runners.ParentRunner.runChildren(ParentRunner.java:229)
	at org.junit.runners.ParentRunner.access$000(ParentRunner.java:50)
	at org.junit.runners.ParentRunner$2.evaluate(ParentRunner.java:222)
	at org.junit.runners.ParentRunner.run(ParentRunner.java:300)
	at org.junit.runners.Suite.runChild(Suite.java:128)
	at org.junit.runners.Suite.runChild(Suite.java:24)
	at org.junit.runners.ParentRunner$3.run(ParentRunner.java:231)
	at org.junit.runners.ParentRunner$1.schedule(ParentRunner.java:60)
	at org.junit.runners.ParentRunner.runChildren(ParentRunner.java:229)
	at org.junit.runners.ParentRunner.access$000(ParentRunner.java:50)
	at org.junit.runners.ParentRunner$2.evaluate(ParentRunner.java:222)
	at org.junit.runners.ParentRunner.run(ParentRunner.java:300)
	at org.apache.maven.surefire.junit4.JUnit4Provider.execute(JUnit4Provider.java:236)
	at org.apache.maven.surefire.junit4.JUnit4Provider.executeTestSet(JUnit4Provider.java:134)
	at org.apache.maven.surefire.junit4.JUnit4Provider.invoke(JUnit4Provider.java:113)
	at sun.reflect.NativeMethodAccessorImpl.invoke0(Native Method)
	at sun.reflect.NativeMethodAccessorImpl.invoke(NativeMethodAccessorImpl.java:57)
	at sun.reflect.DelegatingMethodAccessorImpl.invoke(DelegatingMethodAccessorImpl.java:43)
	at java.lang.reflect.Method.invoke(Method.java:601)
	at org.apache.maven.surefire.util.ReflectionUtils.invokeMethodWithArray(ReflectionUtils.java:189)
	at org.apache.maven.surefire.booter.ProviderFactory$ProviderProxy.invoke(ProviderFactory.java:165)
	at org.apache.maven.surefire.booter.ProviderFactory.invokeProvider(ProviderFactory.java:85)
	at org.apache.maven.surefire.booter.ForkedBooter.runSuitesInProcess(ForkedBooter.java:103)
	at org.apache.maven.surefire.booter.ForkedBooter.main(ForkedBooter.java:74)
</failure>
  </testcase>
  <testcase time="0" classname="net.fortuna.ical4j.vcard.property.BDayTest" name="testEquals[3]"/>
  <testcase time="0" classname="net.fortuna.ical4j.vcard.property.BDayTest" name="testGetParametersId[3]"/>
  <testcase time="0" classname="net.fortuna.ical4j.vcard.property.BDayTest" name="testGetParameterId[3]"/>
  <testcase time="0" classname="net.fortuna.ical4j.vcard.property.BDayTest" name="testGetExtendedParametersId[3]"/>
  <testcase time="0" classname="net.fortuna.ical4j.vcard.property.BDayTest" name="testGetExtendedParameterId[3]"/>
  <testcase time="0" classname="net.fortuna.ical4j.vcard.property.BDayTest" name="testGetParameters[3]"/>
  <testcase time="0" classname="net.fortuna.ical4j.vcard.property.BDayTest" name="testDateType[4]"/>
  <testcase time="0.001" classname="net.fortuna.ical4j.vcard.property.BDayTest" name="testGetValue[4]"/>
  <testcase time="0" classname="net.fortuna.ical4j.vcard.property.BDayTest" name="testToString[4]"/>
  <testcase time="0" classname="net.fortuna.ical4j.vcard.property.BDayTest" name="testEquals[4]"/>
  <testcase time="0" classname="net.fortuna.ical4j.vcard.property.BDayTest" name="testGetParametersId[4]"/>
  <testcase time="0" classname="net.fortuna.ical4j.vcard.property.BDayTest" name="testGetParameterId[4]"/>
  <testcase time="0" classname="net.fortuna.ical4j.vcard.property.BDayTest" name="testGetExtendedParametersId[4]"/>
  <testcase time="0" classname="net.fortuna.ical4j.vcard.property.BDayTest" name="testGetExtendedParameterId[4]"/>
  <testcase time="0" classname="net.fortuna.ical4j.vcard.property.BDayTest" name="testGetParameters[4]"/>
  <testcase time="0" classname="net.fortuna.ical4j.vcard.property.BDayTest" name="testDateType[5]"/>
  <testcase time="0" classname="net.fortuna.ical4j.vcard.property.BDayTest" name="testGetValue[5]"/>
  <testcase time="0" classname="net.fortuna.ical4j.vcard.property.BDayTest" name="testToString[5]"/>
  <testcase time="0" classname="net.fortuna.ical4j.vcard.property.BDayTest" name="testEquals[5]"/>
  <testcase time="0" classname="net.fortuna.ical4j.vcard.property.BDayTest" name="testGetParametersId[5]"/>
  <testcase time="0" classname="net.fortuna.ical4j.vcard.property.BDayTest" name="testGetParameterId[5]"/>
  <testcase time="0" classname="net.fortuna.ical4j.vcard.property.BDayTest" name="testGetExtendedParametersId[5]"/>
  <testcase time="0" classname="net.fortuna.ical4j.vcard.property.BDayTest" name="testGetExtendedParameterId[5]"/>
  <testcase time="0" classname="net.fortuna.ical4j.vcard.property.BDayTest" name="testGetParameters[5]"/>
</testsuite>