<?xml version="1.0" encoding="UTF-8" ?>
<testsuite failures="3" time="0.016" errors="0" skipped="0" tests="54" name="net.fortuna.ical4j.vcard.property.BDayTest">
  <properties>
    <property name="java.runtime.name" value="Java(TM) SE Runtime Environment"/>
    <property name="sun.boot.library.path" value="/usr/java/jdk1.7.0_09/jre/lib/amd64"/>
    <property name="java.vm.version" value="23.5-b02"/>
    <property name="java.vm.vendor" value="Oracle Corporation"/>
    <property name="java.vendor.url" value="http://java.oracle.com/"/>
    <property name="path.separator" value=":"/>
    <property name="java.vm.name" value="Java HotSpot(TM) 64-Bit Server VM"/>
    <property name="file.encoding.pkg" value="sun.io"/>
    <property name="user.country" value="US"/>
    <property name="sun.java.launcher" value="SUN_STANDARD"/>
    <property name="sun.os.patch.level" value="unknown"/>
    <property name="java.vm.specification.name" value="Java Virtual Machine Specification"/>
    <property name="user.dir" value="/home/douglm/drop2/calendar/ical4j-vcard-hg/ical4j-vcard"/>
    <property name="java.runtime.version" value="1.7.0_09-b05"/>
    <property name="java.awt.graphicsenv" value="sun.awt.X11GraphicsEnvironment"/>
    <property name="java.endorsed.dirs" value="/usr/java/jdk1.7.0_09/jre/lib/endorsed"/>
    <property name="os.arch" value="amd64"/>
    <property name="java.io.tmpdir" value="/tmp"/>
    <property name="line.separator" value="
"/>
    <property name="java.vm.specification.vendor" value="Oracle Corporation"/>
    <property name="os.name" value="Linux"/>
    <property name="classworlds.conf" value="/usr/share/maven2/bin/m2.conf"/>
    <property name="sun.jnu.encoding" value="UTF-8"/>
    <property name="java.library.path" value="/usr/java/packages/lib/amd64:/usr/lib64:/lib64:/lib:/usr/lib"/>
    <property name="java.specification.name" value="Java Platform API Specification"/>
    <property name="java.class.version" value="51.0"/>
    <property name="sun.management.compiler" value="HotSpot 64-Bit Tiered Compilers"/>
    <property name="os.version" value="3.5.0-19-generic"/>
    <property name="user.home" value="/home/douglm"/>
    <property name="user.timezone" value="America/New_York"/>
    <property name="java.awt.printerjob" value="sun.print.PSPrinterJob"/>
    <property name="file.encoding" value="UTF-8"/>
    <property name="java.specification.version" value="1.7"/>
    <property name="user.name" value="douglm"/>
    <property name="java.class.path" value="/usr/share/maven2/boot/classworlds.jar"/>
    <property name="java.vm.specification.version" value="1.7"/>
    <property name="sun.arch.data.model" value="64"/>
    <property name="java.home" value="/usr/java/jdk1.7.0_09/jre"/>
    <property name="sun.java.command" value="org.codehaus.classworlds.Launcher &quot;install&quot;"/>
    <property name="java.specification.vendor" value="Oracle Corporation"/>
    <property name="user.language" value="en"/>
    <property name="awt.toolkit" value="sun.awt.X11.XToolkit"/>
    <property name="java.vm.info" value="mixed mode"/>
    <property name="java.version" value="1.7.0_09"/>
    <property name="java.ext.dirs" value="/usr/java/jdk1.7.0_09/jre/lib/ext:/usr/java/packages/lib/ext"/>
    <property name="securerandom.source" value="file:/dev/./urandom"/>
    <property name="sun.boot.class.path" value="/usr/java/jdk1.7.0_09/jre/lib/resources.jar:/usr/java/jdk1.7.0_09/jre/lib/rt.jar:/usr/java/jdk1.7.0_09/jre/lib/sunrsasign.jar:/usr/java/jdk1.7.0_09/jre/lib/jsse.jar:/usr/java/jdk1.7.0_09/jre/lib/jce.jar:/usr/java/jdk1.7.0_09/jre/lib/charsets.jar:/usr/java/jdk1.7.0_09/jre/lib/jfr.jar:/usr/java/jdk1.7.0_09/jre/classes"/>
    <property name="java.vendor" value="Oracle Corporation"/>
    <property name="maven.home" value="/usr/share/maven2"/>
    <property name="file.separator" value="/"/>
    <property name="java.vendor.url.bug" value="http://bugreport.sun.com/bugreport/"/>
    <property name="sun.cpu.endian" value="little"/>
    <property name="sun.io.unicode.encoding" value="UnicodeLittle"/>
    <property name="sun.desktop" value="gnome"/>
    <property name="sun.cpu.isalist" value=""/>
  </properties>
  <testcase time="0" classname="net.fortuna.ical4j.vcard.property.BDayTest" name="testDateType[0]"/>
  <testcase time="0.001" classname="net.fortuna.ical4j.vcard.property.BDayTest" name="testGetValue[0]"/>
  <testcase time="0" classname="net.fortuna.ical4j.vcard.property.BDayTest" name="testToString[0]"/>
  <testcase time="0" classname="net.fortuna.ical4j.vcard.property.BDayTest" name="testEquals[0]"/>
  <testcase time="0" classname="net.fortuna.ical4j.vcard.property.BDayTest" name="testGetParametersId[0]"/>
  <testcase time="0" classname="net.fortuna.ical4j.vcard.property.BDayTest" name="testGetParameterId[0]"/>
  <testcase time="0" classname="net.fortuna.ical4j.vcard.property.BDayTest" name="testGetExtendedParametersId[0]"/>
  <testcase time="0" classname="net.fortuna.ical4j.vcard.property.BDayTest" name="testGetExtendedParameterId[0]"/>
  <testcase time="0" classname="net.fortuna.ical4j.vcard.property.BDayTest" name="testGetParameters[0]"/>
  <testcase time="0" classname="net.fortuna.ical4j.vcard.property.BDayTest" name="testDateType[1]"/>
  <testcase time="0" classname="net.fortuna.ical4j.vcard.property.BDayTest" name="testGetValue[1]"/>
  <testcase time="0.001" classname="net.fortuna.ical4j.vcard.property.BDayTest" name="testToString[1]"/>
  <testcase time="0" classname="net.fortuna.ical4j.vcard.property.BDayTest" name="testEquals[1]"/>
  <testcase time="0" classname="net.fortuna.ical4j.vcard.property.BDayTest" name="testGetParametersId[1]"/>
  <testcase time="0" classname="net.fortuna.ical4j.vcard.property.BDayTest" name="testGetParameterId[1]"/>
  <testcase time="0.001" classname="net.fortuna.ical4j.vcard.property.BDayTest" name="testGetExtendedParametersId[1]"/>
  <testcase time="0" classname="net.fortuna.ical4j.vcard.property.BDayTest" name="testGetExtendedParameterId[1]"/>
  <testcase time="0" classname="net.fortuna.ical4j.vcard.property.BDayTest" name="testGetParameters[1]"/>
  <testcase time="0" classname="net.fortuna.ical4j.vcard.property.BDayTest" name="testDateType[2]"/>
  <testcase time="0" classname="net.fortuna.ical4j.vcard.property.BDayTest" name="testGetValue[2]"/>
  <testcase time="0" classname="net.fortuna.ical4j.vcard.property.BDayTest" name="testToString[2]"/>
  <testcase time="0" classname="net.fortuna.ical4j.vcard.property.BDayTest" name="testEquals[2]"/>
  <testcase time="0" classname="net.fortuna.ical4j.vcard.property.BDayTest" name="testGetParametersId[2]"/>
  <testcase time="0" classname="net.fortuna.ical4j.vcard.property.BDayTest" name="testGetParameterId[2]"/>
  <testcase time="0" classname="net.fortuna.ical4j.vcard.property.BDayTest" name="testGetExtendedParametersId[2]"/>
  <testcase time="0" classname="net.fortuna.ical4j.vcard.property.BDayTest" name="testGetExtendedParameterId[2]"/>
  <testcase time="0" classname="net.fortuna.ical4j.vcard.property.BDayTest" name="testGetParameters[2]"/>
  <testcase time="0.007" classname="net.fortuna.ical4j.vcard.property.BDayTest" name="testDateType[3]">
    <failure type="java.lang.AssertionError">java.lang.AssertionError
	at org.junit.Assert.fail(Assert.java:92)
	at org.junit.Assert.assertTrue(Assert.java:43)
	at org.junit.Assert.assertTrue(Assert.java:54)
	at net.fortuna.ical4j.vcard.property.BDayTest.testDateType(BDayTest.java:73)
	at sun.reflect.NativeMethodAccessorImpl.invoke0(Native Method)
	at sun.reflect.NativeMethodAccessorImpl.invoke(NativeMethodAccessorImpl.java:57)
	at sun.reflect.DelegatingMethodAccessorImpl.invoke(DelegatingMethodAccessorImpl.java:43)
	at java.lang.reflect.Method.invoke(Method.java:601)
	at org.junit.runners.model.FrameworkMethod$1.runReflectiveCall(FrameworkMethod.java:45)
	at org.junit.internal.runners.model.ReflectiveCallable.run(ReflectiveCallable.java:15)
	at org.junit.runners.model.FrameworkMethod.invokeExplosively(FrameworkMethod.java:42)
	at org.junit.internal.runners.statements.InvokeMethod.evaluate(InvokeMethod.java:20)
	at org.junit.runners.ParentRunner.runLeaf(ParentRunner.java:263)
	at org.junit.runners.BlockJUnit4ClassRunner.runChild(BlockJUnit4ClassRunner.java:68)
	at org.junit.runners.BlockJUnit4ClassRunner.runChild(BlockJUnit4ClassRunner.java:47)
	at org.junit.runners.ParentRunner$3.run(ParentRunner.java:231)
	at org.junit.runners.ParentRunner$1.schedule(ParentRunner.java:60)
	at org.junit.runners.ParentRunner.runChildren(ParentRunner.java:229)
	at org.junit.runners.ParentRunner.access$000(ParentRunner.java:50)
	at org.junit.runners.ParentRunner$2.evaluate(ParentRunner.java:222)
	at org.junit.runners.ParentRunner.run(ParentRunner.java:300)
	at org.junit.runners.Suite.runChild(Suite.java:128)
	at org.junit.runners.Suite.runChild(Suite.java:24)
	at org.junit.runners.ParentRunner$3.run(ParentRunner.java:231)
	at org.junit.runners.ParentRunner$1.schedule(ParentRunner.java:60)
	at org.junit.runners.ParentRunner.runChildren(ParentRunner.java:229)
	at org.junit.runners.ParentRunner.access$000(ParentRunner.java:50)
	at org.junit.runners.ParentRunner$2.evaluate(ParentRunner.java:222)
	at org.junit.runners.ParentRunner.run(ParentRunner.java:300)
	at org.apache.maven.surefire.junit4.JUnit4Provider.execute(JUnit4Provider.java:236)
	at org.apache.maven.surefire.junit4.JUnit4Provider.executeTestSet(JUnit4Provider.java:134)
	at org.apache.maven.surefire.junit4.JUnit4Provider.invoke(JUnit4Provider.java:113)
	at sun.reflect.NativeMethodAccessorImpl.invoke0(Native Method)
	at sun.reflect.NativeMethodAccessorImpl.invoke(NativeMethodAccessorImpl.java:57)
	at sun.reflect.DelegatingMethodAccessorImpl.invoke(DelegatingMethodAccessorImpl.java:43)
	at java.lang.reflect.Method.invoke(Method.java:601)
	at org.apache.maven.surefire.util.ReflectionUtils.invokeMethodWithArray(ReflectionUtils.java:189)
	at org.apache.maven.surefire.booter.ProviderFactory$ProviderProxy.invoke(ProviderFactory.java:165)
	at org.apache.maven.surefire.booter.ProviderFactory.invokeProvider(ProviderFactory.java:85)
	at org.apache.maven.surefire.booter.ForkedBooter.runSuitesInProcess(ForkedBooter.java:103)
	at org.apache.maven.surefire.booter.ForkedBooter.main(ForkedBooter.java:74)
</failure>
  </testcase>
  <testcase time="0.002" classname="net.fortuna.ical4j.vcard.property.BDayTest" name="testGetValue[3]">
    <failure message="expected:&lt;15730125[T180323Z]&gt; but was:&lt;15730125[]&gt;" type="org.junit.ComparisonFailure">org.junit.ComparisonFailure: expected:&lt;15730125[T180323Z]&gt; but was:&lt;15730125[]&gt;
	at org.junit.Assert.assertEquals(Assert.java:125)
	at org.junit.Assert.assertEquals(Assert.java:147)
	at net.fortuna.ical4j.vcard.PropertyTest.testGetValue(PropertyTest.java:128)
	at sun.reflect.GeneratedMethodAccessor14.invoke(Unknown Source)
	at sun.reflect.DelegatingMethodAccessorImpl.invoke(DelegatingMethodAccessorImpl.java:43)
	at java.lang.reflect.Method.invoke(Method.java:601)
	at org.junit.runners.model.FrameworkMethod$1.runReflectiveCall(FrameworkMethod.java:45)
	at org.junit.internal.runners.model.ReflectiveCallable.run(ReflectiveCallable.java:15)
	at org.junit.runners.model.FrameworkMethod.invokeExplosively(FrameworkMethod.java:42)
	at org.junit.internal.runners.statements.InvokeMethod.evaluate(InvokeMethod.java:20)
	at org.junit.runners.ParentRunner.runLeaf(ParentRunner.java:263)
	at org.junit.runners.BlockJUnit4ClassRunner.runChild(BlockJUnit4ClassRunner.java:68)
	at org.junit.runners.BlockJUnit4ClassRunner.runChild(BlockJUnit4ClassRunner.java:47)
	at org.junit.runners.ParentRunner$3.run(ParentRunner.java:231)
	at org.junit.runners.ParentRunner$1.schedule(ParentRunner.java:60)
	at org.junit.runners.ParentRunner.runChildren(ParentRunner.java:229)
	at org.junit.runners.ParentRunner.access$000(ParentRunner.java:50)
	at org.junit.runners.ParentRunner$2.evaluate(ParentRunner.java:222)
	at org.junit.runners.ParentRunner.run(ParentRunner.java:300)
	at org.junit.runners.Suite.runChild(Suite.java:128)
	at org.junit.runners.Suite.runChild(Suite.java:24)
	at org.junit.runners.ParentRunner$3.run(ParentRunner.java:231)
	at org.junit.runners.ParentRunner$1.schedule(ParentRunner.java:60)
	at org.junit.runners.ParentRunner.runChildren(ParentRunner.java:229)
	at org.junit.runners.ParentRunner.access$000(ParentRunner.java:50)
	at org.junit.runners.ParentRunner$2.evaluate(ParentRunner.java:222)
	at org.junit.runners.ParentRunner.run(ParentRunner.java:300)
	at org.apache.maven.surefire.junit4.JUnit4Provider.execute(JUnit4Provider.java:236)
	at org.apache.maven.surefire.junit4.JUnit4Provider.executeTestSet(JUnit4Provider.java:134)
	at org.apache.maven.surefire.junit4.JUnit4Provider.invoke(JUnit4Provider.java:113)
	at sun.reflect.NativeMethodAccessorImpl.invoke0(Native Method)
	at sun.reflect.NativeMethodAccessorImpl.invoke(NativeMethodAccessorImpl.java:57)
	at sun.reflect.DelegatingMethodAccessorImpl.invoke(DelegatingMethodAccessorImpl.java:43)
	at java.lang.reflect.Method.invoke(Method.java:601)
	at org.apache.maven.surefire.util.ReflectionUtils.invokeMethodWithArray(ReflectionUtils.java:189)
	at org.apache.maven.surefire.booter.ProviderFactory$ProviderProxy.invoke(ProviderFactory.java:165)
	at org.apache.maven.surefire.booter.ProviderFactory.invokeProvider(ProviderFactory.java:85)
	at org.apache.maven.surefire.booter.ForkedBooter.runSuitesInProcess(ForkedBooter.java:103)
	at org.apache.maven.surefire.booter.ForkedBooter.main(ForkedBooter.java:74)
</failure>
  </testcase>
  <testcase time="0.003" classname="net.fortuna.ical4j.vcard.property.BDayTest" name="testToString[3]">
    <failure message="expected:&lt;BDAY:15730125[T180323Z]
&gt; but was:&lt;BDAY:15730125[]
&gt;" type="org.junit.ComparisonFailure">org.junit.ComparisonFailure: expected:&lt;BDAY:15730125[T180323Z]
&gt; but was:&lt;BDAY:15730125[]
&gt;
	at org.junit.Assert.assertEquals(Assert.java:125)
	at org.junit.Assert.assertEquals(Assert.java:147)
	at net.fortuna.ical4j.vcard.PropertyTest.testToString(PropertyTest.java:151)
	at sun.reflect.GeneratedMethodAccessor15.invoke(Unknown Source)
	at sun.reflect.DelegatingMethodAccessorImpl.invoke(DelegatingMethodAccessorImpl.java:43)
	at java.lang.reflect.Method.invoke(Method.java:601)
	at org.junit.runners.model.FrameworkMethod$1.runReflectiveCall(FrameworkMethod.java:45)
	at org.junit.internal.runners.model.ReflectiveCallable.run(ReflectiveCallable.java:15)
	at org.junit.runners.model.FrameworkMethod.invokeExplosively(FrameworkMethod.java:42)
	at org.junit.internal.runners.statements.InvokeMethod.evaluate(InvokeMethod.java:20)
	at org.junit.runners.ParentRunner.runLeaf(ParentRunner.java:263)
	at org.junit.runners.BlockJUnit4ClassRunner.runChild(BlockJUnit4ClassRunner.java:68)
	at org.junit.runners.BlockJUnit4ClassRunner.runChild(BlockJUnit4ClassRunner.java:47)
	at org.junit.runners.ParentRunner$3.run(ParentRunner.java:231)
	at org.junit.runners.ParentRunner$1.schedule(ParentRunner.java:60)
	at org.junit.runners.ParentRunner.runChildren(ParentRunner.java:229)
	at org.junit.runners.ParentRunner.access$000(ParentRunner.java:50)
	at org.junit.runners.ParentRunner$2.evaluate(ParentRunner.java:222)
	at org.junit.runners.ParentRunner.run(ParentRunner.java:300)
	at org.junit.runners.Suite.runChild(Suite.java:128)
	at org.junit.runners.Suite.runChild(Suite.java:24)
	at org.junit.runners.ParentRunner$3.run(ParentRunner.java:231)
	at org.junit.runners.ParentRunner$1.schedule(ParentRunner.java:60)
	at org.junit.runners.ParentRunner.runChildren(ParentRunner.java:229)
	at org.junit.runners.ParentRunner.access$000(ParentRunner.java:50)
	at org.junit.runners.ParentRunner$2.evaluate(ParentRunner.java:222)
	at org.junit.runners.ParentRunner.run(ParentRunner.java:300)
	at org.apache.maven.surefire.junit4.JUnit4Provider.execute(JUnit4Provider.java:236)
	at org.apache.maven.surefire.junit4.JUnit4Provider.executeTestSet(JUnit4Provider.java:134)
	at org.apache.maven.surefire.junit4.JUnit4Provider.invoke(JUnit4Provider.java:113)
	at sun.reflect.NativeMethodAccessorImpl.invoke0(Native Method)
	at sun.reflect.NativeMethodAccessorImpl.invoke(NativeMethodAccessorImpl.java:57)
	at sun.reflect.DelegatingMethodAccessorImpl.invoke(DelegatingMethodAccessorImpl.java:43)
	at java.lang.reflect.Method.invoke(Method.java:601)
	at org.apache.maven.surefire.util.ReflectionUtils.invokeMethodWithArray(ReflectionUtils.java:189)
	at org.apache.maven.surefire.booter.ProviderFactory$ProviderProxy.invoke(ProviderFactory.java:165)
	at org.apache.maven.surefire.booter.ProviderFactory.invokeProvider(ProviderFactory.java:85)
	at org.apache.maven.surefire.booter.ForkedBooter.runSuitesInProcess(ForkedBooter.java:103)
	at org.apache.maven.surefire.booter.ForkedBooter.main(ForkedBooter.java:74)
</failure>
  </testcase>
  <testcase time="0" classname="net.fortuna.ical4j.vcard.property.BDayTest" name="testEquals[3]"/>
  <testcase time="0" classname="net.fortuna.ical4j.vcard.property.BDayTest" name="testGetParametersId[3]"/>
  <testcase time="0" classname="net.fortuna.ical4j.vcard.property.BDayTest" name="testGetParameterId[3]"/>
  <testcase time="0" classname="net.fortuna.ical4j.vcard.property.BDayTest" name="testGetExtendedParametersId[3]"/>
  <testcase time="0" classname="net.fortuna.ical4j.vcard.property.BDayTest" name="testGetExtendedParameterId[3]"/>
  <testcase time="0" classname="net.fortuna.ical4j.vcard.property.BDayTest" name="testGetParameters[3]"/>
  <testcase time="0" classname="net.fortuna.ical4j.vcard.property.BDayTest" name="testDateType[4]"/>
  <testcase time="0.001" classname="net.fortuna.ical4j.vcard.property.BDayTest" name="testGetValue[4]"/>
  <testcase time="0" classname="net.fortuna.ical4j.vcard.property.BDayTest" name="testToString[4]"/>
  <testcase time="0" classname="net.fortuna.ical4j.vcard.property.BDayTest" name="testEquals[4]"/>
  <testcase time="0" classname="net.fortuna.ical4j.vcard.property.BDayTest" name="testGetParametersId[4]"/>
  <testcase time="0" classname="net.fortuna.ical4j.vcard.property.BDayTest" name="testGetParameterId[4]"/>
  <testcase time="0" classname="net.fortuna.ical4j.vcard.property.BDayTest" name="testGetExtendedParametersId[4]"/>
  <testcase time="0" classname="net.fortuna.ical4j.vcard.property.BDayTest" name="testGetExtendedParameterId[4]"/>
  <testcase time="0" classname="net.fortuna.ical4j.vcard.property.BDayTest" name="testGetParameters[4]"/>
  <testcase time="0" classname="net.fortuna.ical4j.vcard.property.BDayTest" name="testDateType[5]"/>
  <testcase time="0" classname="net.fortuna.ical4j.vcard.property.BDayTest" name="testGetValue[5]"/>
  <testcase time="0" classname="net.fortuna.ical4j.vcard.property.BDayTest" name="testToString[5]"/>
  <testcase time="0" classname="net.fortuna.ical4j.vcard.property.BDayTest" name="testEquals[5]"/>
  <testcase time="0" classname="net.fortuna.ical4j.vcard.property.BDayTest" name="testGetParametersId[5]"/>
  <testcase time="0" classname="net.fortuna.ical4j.vcard.property.BDayTest" name="testGetParameterId[5]"/>
  <testcase time="0" classname="net.fortuna.ical4j.vcard.property.BDayTest" name="testGetExtendedParametersId[5]"/>
  <testcase time="0" classname="net.fortuna.ical4j.vcard.property.BDayTest" name="testGetExtendedParameterId[5]"/>
  <testcase time="0" classname="net.fortuna.ical4j.vcard.property.BDayTest" name="testGetParameters[5]"/>
</testsuite>